# JRE version: OpenJDK Runtime Environment (11.0.11+9) (build 11.0.11+9-b60-7590822)
# Java VM: OpenJDK 64-Bit Server VM (11.0.11+9-b60-7590822, mixed mode, tiered, compressed oops, g1 gc, windows-amd64)
Heap:
 garbage-first heap   total 258048K, used 157501K [0x0000000080000000, 0x0000000100000000)
  region size 1024K, 72 young (73728K), 15 survivors (15360K)
 Metaspace       used 108956K, capacity 111798K, committed 111984K, reserved 1146880K
  class space    used 14416K, capacity 15552K, committed 15616K, reserved 1048576K
GC Heap History (20 events):
Event: 6.296 GC heap before
{Heap before GC invocations=3 (full 0):
 garbage-first heap   total 258048K, used 48795K [0x0000000080000000, 0x0000000100000000)
  region size 1024K, 42 young (43008K), 11 survivors (11264K)
 Metaspace       used 23886K, capacity 24492K, committed 24752K, reserved 1071104K
  class space    used 3047K, capacity 3263K, committed 3328K, reserved 1048576K
}
Event: 6.306 GC heap after
{Heap after GC invocations=4 (full 0):
 garbage-first heap   total 258048K, used 18489K [0x0000000080000000, 0x0000000100000000)
  region size 1024K, 2 young (2048K), 2 survivors (2048K)
 Metaspace       used 23886K, capacity 24492K, committed 24752K, reserved 1071104K
  class space    used 3047K, capacity 3263K, committed 3328K, reserved 1048576K
}
Event: 8.969 GC heap before
{Heap before GC invocations=4 (full 0):
 garbage-first heap   total 258048K, used 97337K [0x0000000080000000, 0x0000000100000000)
  region size 1024K, 80 young (81920K), 2 survivors (2048K)
 Metaspace       used 34907K, capacity 35644K, committed 35708K, reserved 1081344K
  class space    used 4542K, capacity 4861K, committed 4864K, reserved 1048576K
}
Event: 8.989 GC heap after
{Heap after GC invocations=5 (full 0):
 garbage-first heap   total 258048K, used 22554K [0x0000000080000000, 0x0000000100000000)
  region size 1024K, 6 young (6144K), 6 survivors (6144K)
 Metaspace       used 34907K, capacity 35644K, committed 35708K, reserved 1081344K
  class space    used 4542K, capacity 4861K, committed 4864K, reserved 1048576K
}
Event: 12.129 GC heap before
{Heap before GC invocations=6 (full 0):
 garbage-first heap   total 258048K, used 147482K [0x0000000080000000, 0x0000000100000000)
  region size 1024K, 125 young (128000K), 6 survivors (6144K)
 Metaspace       used 45136K, capacity 46233K, committed 46332K, reserved 1089536K
  class space    used 5797K, capacity 6202K, committed 6272K, reserved 1048576K
}
Event: 12.144 GC heap after
{Heap after GC invocations=7 (full 0):
 garbage-first heap   total 258048K, used 29559K [0x0000000080000000, 0x0000000100000000)
  region size 1024K, 13 young (13312K), 13 survivors (13312K)
 Metaspace       used 45136K, capacity 46233K, committed 46332K, reserved 1089536K
  class space    used 5797K, capacity 6202K, committed 6272K, reserved 1048576K
}
Event: 16.224 GC heap before
{Heap before GC invocations=7 (full 0):
 garbage-first heap   total 258048K, used 170871K [0x0000000080000000, 0x0000000100000000)
  region size 1024K, 147 young (150528K), 13 survivors (13312K)
 Metaspace       used 54208K, capacity 55499K, committed 55676K, reserved 1097728K
  class space    used 6932K, capacity 7397K, committed 7424K, reserved 1048576K
}
Event: 16.243 GC heap after
{Heap after GC invocations=8 (full 0):
 garbage-first heap   total 258048K, used 45468K [0x0000000080000000, 0x0000000100000000)
  region size 1024K, 18 young (18432K), 18 survivors (18432K)
 Metaspace       used 54208K, capacity 55499K, committed 55676K, reserved 1097728K
  class space    used 6932K, capacity 7397K, committed 7424K, reserved 1048576K
}
Event: 17.225 GC heap before
{Heap before GC invocations=8 (full 0):
 garbage-first heap   total 258048K, used 69020K [0x0000000080000000, 0x0000000100000000)
  region size 1024K, 42 young (43008K), 18 survivors (18432K)
 Metaspace       used 58401K, capacity 59721K, committed 59900K, reserved 1101824K
  class space    used 7424K, capacity 7948K, committed 8064K, reserved 1048576K
}
Event: 17.264 GC heap after
{Heap after GC invocations=9 (full 0):
 garbage-first heap   total 258048K, used 47994K [0x0000000080000000, 0x0000000100000000)
  region size 1024K, 3 young (3072K), 3 survivors (3072K)
 Metaspace       used 58401K, capacity 59721K, committed 59900K, reserved 1101824K
  class space    used 7424K, capacity 7948K, committed 8064K, reserved 1048576K
}
Event: 22.010 GC heap before
{Heap before GC invocations=10 (full 0):
 garbage-first heap   total 258048K, used 194426K [0x0000000080000000, 0x0000000100000000)
  region size 1024K, 146 young (149504K), 3 survivors (3072K)
 Metaspace       used 70084K, capacity 71683K, committed 71804K, reserved 1112064K
  class space    used 9101K, capacity 9699K, committed 9728K, reserved 1048576K
}
Event: 22.020 GC heap after
{Heap after GC invocations=11 (full 0):
 garbage-first heap   total 258048K, used 57058K [0x0000000080000000, 0x0000000100000000)
  region size 1024K, 12 young (12288K), 12 survivors (12288K)
 Metaspace       used 70084K, capacity 71683K, committed 71804K, reserved 1112064K
  class space    used 9101K, capacity 9699K, committed 9728K, reserved 1048576K
}
Event: 26.070 GC heap before
{Heap before GC invocations=11 (full 0):
 garbage-first heap   total 258048K, used 195298K [0x0000000080000000, 0x0000000100000000)
  region size 1024K, 147 young (150528K), 12 survivors (12288K)
 Metaspace       used 80562K, capacity 82614K, committed 82684K, reserved 1120256K
  class space    used 10595K, capacity 11390K, committed 11392K, reserved 1048576K
}
Event: 26.089 GC heap after
{Heap after GC invocations=12 (full 0):
 garbage-first heap   total 258048K, used 66600K [0x0000000080000000, 0x0000000100000000)
  region size 1024K, 10 young (10240K), 10 survivors (10240K)
 Metaspace       used 80562K, capacity 82614K, committed 82684K, reserved 1120256K
  class space    used 10595K, capacity 11390K, committed 11392K, reserved 1048576K
}
Event: 28.262 GC heap before
{Heap before GC invocations=12 (full 0):
 garbage-first heap   total 258048K, used 198696K [0x0000000080000000, 0x0000000100000000)
  region size 1024K, 140 young (143360K), 10 survivors (10240K)
 Metaspace       used 84120K, capacity 86304K, committed 86396K, reserved 1124352K
  class space    used 10950K, capacity 11755K, committed 11776K, reserved 1048576K
}
Event: 28.279 GC heap after
{Heap after GC invocations=13 (full 0):
 garbage-first heap   total 258048K, used 73908K [0x0000000080000000, 0x0000000100000000)
  region size 1024K, 17 young (17408K), 17 survivors (17408K)
 Metaspace       used 84120K, capacity 86304K, committed 86396K, reserved 1124352K
  class space    used 10950K, capacity 11755K, committed 11776K, reserved 1048576K
}
Event: 35.950 GC heap before
{Heap before GC invocations=13 (full 0):
 garbage-first heap   total 258048K, used 202932K [0x0000000080000000, 0x0000000100000000)
  region size 1024K, 144 young (147456K), 17 survivors (17408K)
 Metaspace       used 87912K, capacity 89951K, committed 90236K, reserved 1128448K
  class space    used 11384K, capacity 12181K, committed 12288K, reserved 1048576K
}
Event: 35.971 GC heap after
{Heap after GC invocations=14 (full 0):
 garbage-first heap   total 258048K, used 82434K [0x0000000080000000, 0x0000000100000000)
  region size 1024K, 17 young (17408K), 17 survivors (17408K)
 Metaspace       used 87912K, capacity 89951K, committed 90236K, reserved 1128448K
  class space    used 11384K, capacity 12181K, committed 12288K, reserved 1048576K
}
Event: 39.150 GC heap before
{Heap before GC invocations=14 (full 0):
 garbage-first heap   total 258048K, used 189954K [0x0000000080000000, 0x0000000100000000)
  region size 1024K, 122 young (124928K), 17 survivors (17408K)
 Metaspace       used 97713K, capacity 100186K, committed 100220K, reserved 1136640K
  class space    used 12619K, capacity 13554K, committed 13568K, reserved 1048576K
}
Event: 39.173 GC heap after
{Heap after GC invocations=15 (full 0):
 garbage-first heap   total 258048K, used 90941K [0x0000000080000000, 0x0000000100000000)
  region size 1024K, 15 young (15360K), 15 survivors (15360K)
 Metaspace       used 97713K, capacity 100186K, committed 100220K, reserved 1136640K
  class space    used 12619K, capacity 13554K, committed 13568K, reserved 1048576K
}

